<?xml version="1.0" encoding="UTF-8"?>
<!-- Generated by org.testng.reporters.JUnitReportReporter -->
<testsuite hostname="DESKTOP-GPUAST7" failures="0" tests="1" name="framework.Test.SigninTest" time="18.907" errors="0" timestamp="2023-07-03T23:40:16 IST" skipped="0">
  <testcase classname="framework.Test.SigninTest" name="singin" time="18.907"/>
  <system-out/>
</testsuite> <!-- framework.Test.SigninTest -->
