<?xml version="1.0" encoding="UTF-8"?>
<!-- Generated by org.testng.reporters.JUnitReportReporter -->
<testsuite hostname="DESKTOP-GPUAST7" failures="0" tests="2" name="framework.Test.CreateAccountTest" time="23.920" errors="0" timestamp="2023-07-03T23:40:16 IST" skipped="0">
  <testcase classname="framework.Test.CreateAccountTest" name="failedlogin" time="8.304"/>
  <system-out/>
  <testcase classname="framework.Test.CreateAccountTest" name="login" time="15.616"/>
  <system-out/>
</testsuite> <!-- framework.Test.CreateAccountTest -->
