<?xml version="1.0" encoding="UTF-8"?>
<!-- Generated by org.testng.reporters.JUnitReportReporter -->
<testsuite hostname="DESKTOP-GPUAST7" failures="0" tests="1" name="framework.Test.Script3" time="21.386" errors="0" timestamp="2023-06-30T01:11:42 IST" skipped="0">
  <testcase classname="framework.Test.Script3" name="purchase" time="21.386"/>
  <system-out/>
</testsuite> <!-- framework.Test.Script3 -->
