<?xml version="1.0" encoding="UTF-8"?>
<!-- Generated by org.testng.reporters.JUnitReportReporter -->
<testsuite hostname="DESKTOP-GPUAST7" failures="0" tests="2" name="framework.Test.CreateAccountTest" time="25.098" errors="0" timestamp="2023-07-03T22:12:58 IST" skipped="0">
  <testcase classname="framework.Test.CreateAccountTest" name="failedlogin" time="9.339"/>
  <system-out/>
  <testcase classname="framework.Test.CreateAccountTest" name="login" time="15.759"/>
  <system-out/>
</testsuite> <!-- framework.Test.CreateAccountTest -->
