<?xml version="1.0" encoding="UTF-8"?>
<!-- Generated by org.testng.reporters.JUnitReportReporter -->
<testsuite hostname="DESKTOP-GPUAST7" failures="0" tests="1" name="framework.Test.StandaloneTest" time="11.639" errors="0" timestamp="2023-07-02T02:26:51 IST" skipped="0">
  <testcase classname="framework.Test.StandaloneTest" name="login" time="11.639"/>
  <system-out/>
</testsuite> <!-- framework.Test.StandaloneTest -->
