<?xml version="1.0" encoding="UTF-8"?>
<!-- Generated by org.testng.reporters.JUnitReportReporter -->
<testsuite hostname="DESKTOP-GPUAST7" failures="0" tests="1" name="framework.Test.SigninTest" time="21.060" errors="0" timestamp="2023-07-03T19:08:09 IST" skipped="0">
  <testcase classname="framework.Test.SigninTest" name="singin" time="21.060"/>
  <system-out/>
</testsuite> <!-- framework.Test.SigninTest -->
