<?xml version="1.0" encoding="UTF-8"?>
<!-- Generated by org.testng.reporters.JUnitReportReporter -->
<testsuite hostname="DESKTOP-GPUAST7" failures="0" tests="2" name="framework.Test.CreateAccountTest" time="20.911" errors="0" timestamp="2023-07-03T19:08:09 IST" skipped="0">
  <testcase classname="framework.Test.CreateAccountTest" name="failedlogin" time="7.252"/>
  <system-out/>
  <testcase classname="framework.Test.CreateAccountTest" name="login" time="13.659"/>
  <system-out/>
</testsuite> <!-- framework.Test.CreateAccountTest -->
